<?xml version="1.0" encoding="UTF-8"?>
<testExecutions version="1">
  <file path="C:\Users\Me\source\React-Dynamic-Json-Table\src\tests\filterCols.test.js">
    <testCase name="renders no Filters" duration="52"/>
  </file>
  <file path="C:\Users\Me\source\React-Dynamic-Json-Table\src\tests\rows.test.js">
    <testCase name="renders cells" duration="141"/>
  </file>
  <file path="C:\Users\Me\source\React-Dynamic-Json-Table\src\tests\cells.test.js">
    <testCase name="renders cells" duration="99"/>
  </file>
  <file path="C:\Users\Me\source\React-Dynamic-Json-Table\src\tests\globalsearch.test.js">
    <testCase name="renders global search" duration="97"/>
  </file>
  <file path="C:\Users\Me\source\React-Dynamic-Json-Table\src\tests\index.test.js">
    <testCase name="renders Pager" duration="280"/>
  </file>
  <file path="C:\Users\Me\source\React-Dynamic-Json-Table\src\tests\createRow.test.js">
    <testCase name="shows success message after confirm button is clicked" duration="406"/>
  </file>
  <file path="C:\Users\Me\source\React-Dynamic-Json-Table\src\tests\deleteRow.test.js">
    <testCase name="shows if row value has been updated" duration="395"/>
  </file>
  <file path="C:\Users\Me\source\React-Dynamic-Json-Table\src\tests\cancelUpdate.test.js">
    <testCase name="shows create button after update button is clicked" duration="481"/>
  </file>
  <file path="C:\Users\Me\source\React-Dynamic-Json-Table\src\tests\cancelCreate.test.js">
    <testCase name="shows create button after create button is clicked" duration="553"/>
  </file>
  <file path="C:\Users\Me\source\React-Dynamic-Json-Table\src\tests\updateRow.test.js">
    <testCase name="shows if row value has been updated" duration="600"/>
  </file>
  <file path="C:\Users\Me\source\React-Dynamic-Json-Table\src\tests\pagerButtons.test.js">
    <testCase name="pager next button click goes to next page" duration="370"/>
    <testCase name="pager last button click goes to last page" duration="195"/>
    <testCase name="pager firt button click goes back to first  page" duration="150"/>
    <testCase name="pager previous button click goes back to first  page" duration="125"/>
    <testCase name="shows if page no has changed after goto page no changed" duration="66"/>
  </file>
  <file path="C:\Users\Me\source\React-Dynamic-Json-Table\src\tests\utils.test.js">
    <testCase name="createMarkup" duration="1"/>
    <testCase name="createMarkupLiteral" duration="0"/>
    <testCase name="compareValues" duration="1"/>
  </file>
  <file path="C:\Users\Me\source\React-Dynamic-Json-Table\src\tests\pager.test.js">
    <testCase name="renders Pager" duration="48"/>
  </file>
  <file path="C:\Users\Me\source\React-Dynamic-Json-Table\src\tests\thead.test.js">
    <testCase name="renders Thead" duration="24"/>
  </file>
</testExecutions>