<?xml version="1.0" encoding="UTF-8"?>
<testExecutions version="1">
  <file path="C:\Users\Me\source\React-Dynamic-Json-Table\src\tests\utils.test.js">
    <testCase name="createMarkup" duration="5"/>
    <testCase name="createMarkupLiteral" duration="1"/>
    <testCase name="compareValues" duration="1"/>
  </file>
  <file path="C:\Users\Me\source\React-Dynamic-Json-Table\src\tests\rows.test.js">
    <testCase name="renders cells" duration="152"/>
  </file>
  <file path="C:\Users\Me\source\React-Dynamic-Json-Table\src\tests\nopager.test.js">
    <testCase name="shows  page not changed after search" duration="368"/>
  </file>
  <file path="C:\Users\Me\source\React-Dynamic-Json-Table\src\tests\deleteRow.test.js">
    <testCase name="shows if row value has been updated" duration="371"/>
  </file>
  <file path="C:\Users\Me\source\React-Dynamic-Json-Table\src\tests\cancelCreate.test.js">
    <testCase name="shows create button after create button is clicked" duration="455"/>
  </file>
  <file path="C:\Users\Me\source\React-Dynamic-Json-Table\src\tests\createRow.test.js">
    <testCase name="shows success message after confirm button is clicked" duration="426"/>
  </file>
  <file path="C:\Users\Me\source\React-Dynamic-Json-Table\src\tests\globalsearch.test.js">
    <testCase name="renders global search" duration="52"/>
    <testCase name="shows if page no has changed after search changed" duration="459"/>
  </file>
  <file path="C:\Users\Me\source\React-Dynamic-Json-Table\src\tests\sort.test.js">
    <testCase name="sort enabled test" duration="327"/>
    <testCase name="sort disable test" duration="308"/>
  </file>
  <file path="C:\Users\Me\source\React-Dynamic-Json-Table\src\tests\updateRow.test.js">
    <testCase name="shows if row value has been updated" duration="653"/>
  </file>
  <file path="C:\Users\Me\source\React-Dynamic-Json-Table\src\tests\pagerButtons.test.js">
    <testCase name="pager next button click goes to next page" duration="284"/>
    <testCase name="pager last button click goes to last page" duration="107"/>
    <testCase name="pager firt button click goes back to first  page" duration="225"/>
    <testCase name="pager previous button click goes back to first  page" duration="164"/>
    <testCase name="shows if page no has changed after goto page no changed" duration="85"/>
  </file>
  <file path="C:\Users\Me\source\React-Dynamic-Json-Table\src\tests\checkbox.test.js">
    <testCase name="checkbox change test" duration="469"/>
  </file>
  <file path="C:\Users\Me\source\React-Dynamic-Json-Table\src\tests\insertRow.test.js">
    <testCase name="shows if row  has been inserted" duration="173"/>
  </file>
  <file path="C:\Users\Me\source\React-Dynamic-Json-Table\src\tests\filterCols.test.js">
    <testCase name="renders no Filters" duration="14"/>
  </file>
  <file path="C:\Users\Me\source\React-Dynamic-Json-Table\src\tests\thead.test.js">
    <testCase name="renders Thead" duration="39"/>
  </file>
  <file path="C:\Users\Me\source\React-Dynamic-Json-Table\src\tests\pager.test.js">
    <testCase name="renders Pager" duration="37"/>
  </file>
  <file path="C:\Users\Me\source\React-Dynamic-Json-Table\src\tests\cells.test.js">
    <testCase name="renders cells" duration="26"/>
  </file>
  <file path="C:\Users\Me\source\React-Dynamic-Json-Table\src\tests\cancelUpdate.test.js">
    <testCase name="shows create button after update button is clicked" duration="228"/>
  </file>
  <file path="C:\Users\Me\source\React-Dynamic-Json-Table\src\tests\crud.test.js">
    <testCase name="renders Thead" duration="16"/>
  </file>
  <file path="C:\Users\Me\source\React-Dynamic-Json-Table\src\tests\index.test.js">
    <testCase name="renders Pager" duration="362"/>
  </file>
</testExecutions>