<?xml version="1.0" encoding="UTF-8"?>
<testExecutions version="1">
  <file path="C:\Users\Me\source\React-Dynamic-Json-Table\src\tests\utils.test.js">
    <testCase name="createMarkup" duration="5"/>
    <testCase name="createMarkupLiteral" duration="1"/>
    <testCase name="compareValues" duration="2"/>
  </file>
  <file path="C:\Users\Me\source\React-Dynamic-Json-Table\src\tests\filterCols.test.js">
    <testCase name="renders Filters" duration="52"/>
  </file>
  <file path="C:\Users\Me\source\React-Dynamic-Json-Table\src\tests\thead.test.js">
    <testCase name="renders Thead" duration="60"/>
  </file>
  <file path="C:\Users\Me\source\React-Dynamic-Json-Table\src\tests\pager.test.js">
    <testCase name="renders Pager" duration="77"/>
  </file>
  <file path="C:\Users\Me\source\React-Dynamic-Json-Table\src\tests\cells.test.js">
    <testCase name="renders cells" duration="59"/>
  </file>
  <file path="C:\Users\Me\source\React-Dynamic-Json-Table\src\tests\globalsearch.test.js">
    <testCase name="renders global search" duration="64"/>
  </file>
  <file path="C:\Users\Me\source\React-Dynamic-Json-Table\src\tests\rows.test.js">
    <testCase name="renders cells" duration="117"/>
  </file>
  <file path="C:\Users\Me\source\React-Dynamic-Json-Table\src\tests\index.test.js">
    <testCase name="renders Pager" duration="189"/>
  </file>
</testExecutions>